<?xml version="1.0" encoding="UTF-8"?>
<testsuite name="it.unibo.deathnote.PeopleTest" tests="4" skipped="0" failures="0" errors="0" timestamp="2023-11-15T17:56:43" hostname="Gianmarias-MacBook-Air.local" time="0.041">
  <properties/>
  <testcase name="testIsNameWritten()" classname="it.unibo.deathnote.PeopleTest" time="0.028"/>
  <testcase name="testWriteDeathCause()" classname="it.unibo.deathnote.PeopleTest" time="0.004"/>
  <testcase name="testWriteName()" classname="it.unibo.deathnote.PeopleTest" time="0.002"/>
  <testcase name="testWriteDetails()" classname="it.unibo.deathnote.PeopleTest" time="0.001"/>
  <system-out><![CDATA[]]></system-out>
  <system-err><![CDATA[]]></system-err>
</testsuite>
