<?xml version="1.0" encoding="UTF-8"?>
<testsuite name="it.unibo.deathnote.TestDeathNote" tests="12" skipped="0" failures="0" errors="0" timestamp="2023-11-15T17:56:43" hostname="Gianmarias-MacBook-Air.local" time="6.305">
  <properties/>
  <testcase name="testRanTooLong()" classname="it.unibo.deathnote.TestDeathNote" time="6.118"/>
  <testcase name="testHeartAttack()" classname="it.unibo.deathnote.TestDeathNote" time="0.11"/>
  <testcase name="testEmptytWriteDeathCause()" classname="it.unibo.deathnote.TestDeathNote" time="0.001"/>
  <testcase name="testNullWriteDeathDetail()" classname="it.unibo.deathnote.TestDeathNote" time="0.003"/>
  <testcase name="testIsNotWritten()" classname="it.unibo.deathnote.TestDeathNote" time="0.001"/>
  <testcase name="testGetRule()" classname="it.unibo.deathnote.TestDeathNote" time="0.003"/>
  <testcase name="testNotWriteName()" classname="it.unibo.deathnote.TestDeathNote" time="0.0"/>
  <testcase name="testNulltWriteDeathCause()" classname="it.unibo.deathnote.TestDeathNote" time="0.003"/>
  <testcase name="testNotExistsRule()" classname="it.unibo.deathnote.TestDeathNote" time="0.001"/>
  <testcase name="testTimeDeathCause()" classname="it.unibo.deathnote.TestDeathNote" time="0.004"/>
  <testcase name="testEmptyWriteDeathDetail()" classname="it.unibo.deathnote.TestDeathNote" time="0.0"/>
  <testcase name="testNoNameSetted()" classname="it.unibo.deathnote.TestDeathNote" time="0.001"/>
  <system-out><![CDATA[]]></system-out>
  <system-err><![CDATA[]]></system-err>
</testsuite>
